Using pre-set license
Built from '2020.3/release' branch; Version is '2020.3.2f1 (8fd9074bf66c) revision 9427207'; Using compiler version '192528614'; Build Type 'Release'
OS: 'Windows 10 Pro; OS build 19044.1889; Version 2009; 64bit' Language: 'en' Physical Memory: 16292 MB
BatchMode: 1, IsHumanControllingUs: 0, StartBugReporterOnCrash: 0, Is64bit: 1, IsPro: 0

 COMMAND LINE ARGUMENTS:
K:\Unity Versions\2020.3.2f1\Editor\Unity.exe
-adb2
-batchMode
-noUpm
-name
AssetImportWorker0
-projectPath
F:/Projects/Unity/IGDShooterProjectNew
-logFile
Logs/AssetImportWorker0.log
-srvPort
62757
Successfully changed project path to: F:/Projects/Unity/IGDShooterProjectNew
F:/Projects/Unity/IGDShooterProjectNew
Using Asset Import Pipeline V2.
Refreshing native plugins compatible for Editor in 40.35 ms, found 1 plugins.
Preloading 0 native plugins for Editor in 0.00 ms.
Initialize engine version: 2020.3.2f1 (8fd9074bf66c)
[Subsystems] Discovering subsystems at path K:/Unity Versions/2020.3.2f1/Editor/Data/Resources/UnitySubsystems
[Subsystems] Discovering subsystems at path F:/Projects/Unity/IGDShooterProjectNew/Assets
GfxDevice: creating device client; threaded=0
Direct3D:
    Version:  Direct3D 11.0 [level 11.1]
    Renderer: NVIDIA GeForce GTX 1070 (ID=0x1b81)
    Vendor:   
    VRAM:     8088 MB
    Driver:   27.21.14.5751
Initialize mono
Mono path[0] = 'K:/Unity Versions/2020.3.2f1/Editor/Data/Managed'
Mono path[1] = 'K:/Unity Versions/2020.3.2f1/Editor/Data/MonoBleedingEdge/lib/mono/unityjit'
Mono config path = 'K:/Unity Versions/2020.3.2f1/Editor/Data/MonoBleedingEdge/etc'
Using monoOptions --debugger-agent=transport=dt_socket,embedding=1,server=y,suspend=n,address=127.0.0.1:56336
Begin MonoManager ReloadAssembly
Registering precompiled unity dll's ...
Register platform support module: K:/Unity Versions/2020.3.2f1/Editor/Data/PlaybackEngines/WindowsStandaloneSupport/UnityEditor.WindowsStandalone.Extensions.dll
Registered in 0.000817 seconds.
Native extension for WindowsStandalone target not found
Refreshing native plugins compatible for Editor in 39.61 ms, found 1 plugins.
Preloading 0 native plugins for Editor in 0.00 ms.
Invoked RoslynAnalysisRunner static constructor.
RoslynAnalysisRunner will not be running.
RoslynAnalysisRunner has terminated.
Mono: successfully reloaded assembly
- Completed reload, in  0.736 seconds
Platform modules already initialized, skipping
Registering precompiled user dll's ...
Registered in 0.004416 seconds.
Begin MonoManager ReloadAssembly
OnLevelWasLoaded was found on Chat
This message has been deprecated and will be removed in a later version of Unity.
Add a delegate to SceneManager.sceneLoaded instead to get notifications after scene loading has completed

Native extension for WindowsStandalone target not found
Refreshing native plugins compatible for Editor in 37.31 ms, found 1 plugins.
Preloading 0 native plugins for Editor in 0.00 ms.
Invoked RoslynAnalysisRunner static constructor.
RoslynAnalysisRunner will not be running.
RoslynAnalysisRunner has terminated.
Mono: successfully reloaded assembly
- Completed reload, in  0.979 seconds
Platform modules already initialized, skipping
========================================================================
Worker process is ready to serve import requests
Launched and connected shader compiler UnityShaderCompiler.exe after 0.04 seconds
Refreshing native plugins compatible for Editor in 0.53 ms, found 1 plugins.
Preloading 0 native plugins for Editor in 0.00 ms.
Unloading 1997 Unused Serialized files (Serialized files now loaded: 0)
System memory in use before: 94.7 MB.
System memory in use after: 94.7 MB.

Unloading 50 unused Assets to reduce memory usage. Loaded Objects now: 2455.
Total: 1.828300 ms (FindLiveObjects: 0.232600 ms CreateObjectMapping: 0.078600 ms MarkObjects: 1.414000 ms  DeleteObjects: 0.102200 ms)

========================================================================
Received Import Request.
  path: Assets/NetworkActions.cs
  artifactKey: Guid(efe1f72e21e025c48a2e6b574183e8e4) Importer(815301076,1909f56bfc062723c751e8b465ee728b)
Start importing Assets/NetworkActions.cs using Guid(efe1f72e21e025c48a2e6b574183e8e4) Importer(815301076,1909f56bfc062723c751e8b465ee728b)  -> (artifact id: 'c4bdd2c51c47ee9a225451a2831ac6f0') in 0.026748 seconds
  Import took 0.045657 seconds .

========================================================================
Received Import Request.
  Time since last request: 0.000185 seconds.
  path: Assets/MapInput.cs
  artifactKey: Guid(76037ca72f3c945419998661246913b7) Importer(815301076,1909f56bfc062723c751e8b465ee728b)
Start importing Assets/MapInput.cs using Guid(76037ca72f3c945419998661246913b7) Importer(815301076,1909f56bfc062723c751e8b465ee728b)  -> (artifact id: 'bc5bfff8742b536dba0c99f7330b5716') in 0.004806 seconds
  Import took 0.007350 seconds .

========================================================================
Received Import Request.
  Time since last request: 0.000130 seconds.
  path: Assets/Packets.cs
  artifactKey: Guid(c543e710d0bb8164e987419d4f45405f) Importer(815301076,1909f56bfc062723c751e8b465ee728b)
Start importing Assets/Packets.cs using Guid(c543e710d0bb8164e987419d4f45405f) Importer(815301076,1909f56bfc062723c751e8b465ee728b)  -> (artifact id: 'e4f7d18000491ba6f39d7899b3a7c376') in 0.004658 seconds
  Import took 0.007303 seconds .

========================================================================
Received Import Request.
  Time since last request: 6.766947 seconds.
  path: Assets/Networking/BinarySerializer.cs
  artifactKey: Guid(80a7981c1b51fe043ad9b57d2496f122) Importer(815301076,1909f56bfc062723c751e8b465ee728b)
Start importing Assets/Networking/BinarySerializer.cs using Guid(80a7981c1b51fe043ad9b57d2496f122) Importer(815301076,1909f56bfc062723c751e8b465ee728b)  -> (artifact id: 'a5525bc67fbeb5d637a4cf9262511a90') in 0.004952 seconds
  Import took 0.007770 seconds .

========================================================================
Received Import Request.
  Time since last request: 0.312218 seconds.
  path: Assets/Networking/BinaryDeserializer.cs
  artifactKey: Guid(a9daae89170660d40b0a692ac1b7b03c) Importer(815301076,1909f56bfc062723c751e8b465ee728b)
Start importing Assets/Networking/BinaryDeserializer.cs using Guid(a9daae89170660d40b0a692ac1b7b03c) Importer(815301076,1909f56bfc062723c751e8b465ee728b)  -> (artifact id: '99c03ad9c29a353e6986fef79b31e538') in 0.004643 seconds
  Import took 0.007416 seconds .

========================================================================
Received Import Request.
  Time since last request: 3.167828 seconds.
  path: Assets/Networking/Photon/GameLogic/PhotonNetworkHandler.cs
  artifactKey: Guid(e195f416828cc9f48b09d64251b598dd) Importer(815301076,1909f56bfc062723c751e8b465ee728b)
Start importing Assets/Networking/Photon/GameLogic/PhotonNetworkHandler.cs using Guid(e195f416828cc9f48b09d64251b598dd) Importer(815301076,1909f56bfc062723c751e8b465ee728b)  -> (artifact id: '072e4420586748aaa7834fb1d110cbce') in 0.005334 seconds
  Import took 0.008163 seconds .

========================================================================
Received Import Request.
  Time since last request: 0.000217 seconds.
  path: Assets/Networking/Photon/GameLogic/PhotonNetworkHandler.cs
  artifactKey: Guid(e195f416828cc9f48b09d64251b598dd) Importer(815301076,1909f56bfc062723c751e8b465ee728b)
Start importing Assets/Networking/Photon/GameLogic/PhotonNetworkHandler.cs using Guid(e195f416828cc9f48b09d64251b598dd) Importer(815301076,1909f56bfc062723c751e8b465ee728b)  -> (artifact id: '072e4420586748aaa7834fb1d110cbce') in 0.001397 seconds
  Import took 0.003963 seconds .

========================================================================
Received Import Request.
  Time since last request: 21.714225 seconds.
  path: Assets/Networking/Photon/GameLogic/PhotonNetworkHandler.cs
  artifactKey: Guid(e195f416828cc9f48b09d64251b598dd) Importer(815301076,1909f56bfc062723c751e8b465ee728b)
Start importing Assets/Networking/Photon/GameLogic/PhotonNetworkHandler.cs using Guid(e195f416828cc9f48b09d64251b598dd) Importer(815301076,1909f56bfc062723c751e8b465ee728b)  -> (artifact id: '22d961328db96598dc77af8887d4a81c') in 0.001429 seconds
  Import took 0.004279 seconds .

========================================================================
Received Prepare
Registering precompiled user dll's ...
Registered in 0.005578 seconds.
Begin MonoManager ReloadAssembly
Native extension for WindowsStandalone target not found
Refreshing native plugins compatible for Editor in 0.90 ms, found 1 plugins.
Preloading 0 native plugins for Editor in 0.00 ms.
Invoked RoslynAnalysisRunner static constructor.
RoslynAnalysisRunner will not be running.
RoslynAnalysisRunner has terminated.
Mono: successfully reloaded assembly
- Completed reload, in  1.204 seconds
Platform modules already initialized, skipping
OnLevelWasLoaded was found on Chat
This message has been deprecated and will be removed in a later version of Unity.
Add a delegate to SceneManager.sceneLoaded instead to get notifications after scene loading has completed

Refreshing native plugins compatible for Editor in 0.81 ms, found 1 plugins.
Preloading 0 native plugins for Editor in 0.00 ms.
Unloading 1978 Unused Serialized files (Serialized files now loaded: 0)
System memory in use before: 93.4 MB.
System memory in use after: 93.3 MB.

Unloading 39 unused Assets to reduce memory usage. Loaded Objects now: 2459.
Total: 2.866900 ms (FindLiveObjects: 0.401700 ms CreateObjectMapping: 0.261700 ms MarkObjects: 2.083200 ms  DeleteObjects: 0.119100 ms)

========================================================================
Received Prepare
Refreshing native plugins compatible for Editor in 4.57 ms, found 1 plugins.
Preloading 0 native plugins for Editor in 0.00 ms.
Unloading 37 Unused Serialized files (Serialized files now loaded: 0)
System memory in use before: 55.0 MB.
System memory in use after: 55.0 MB.

Unloading 37 unused Assets to reduce memory usage. Loaded Objects now: 2459.
Total: 1.903500 ms (FindLiveObjects: 0.245600 ms CreateObjectMapping: 0.071600 ms MarkObjects: 1.483300 ms  DeleteObjects: 0.101800 ms)

========================================================================
Received Import Request.
  Time since last request: 504.183897 seconds.
  path: Assets/Scenes/FightScene.unity
  artifactKey: Guid(2cda990e2423bbf4892e6590ba056729) Importer(815301076,1909f56bfc062723c751e8b465ee728b)
Start importing Assets/Scenes/FightScene.unity using Guid(2cda990e2423bbf4892e6590ba056729) Importer(815301076,1909f56bfc062723c751e8b465ee728b)  -> (artifact id: '30d01ba817d015227098360a653950a6') in 0.009634 seconds
  Import took 0.013064 seconds .

========================================================================
Received Import Request.
  Time since last request: 0.666812 seconds.
  path: Assets/Scenes/HostRoom.unity
  artifactKey: Guid(3d2bada377e149447b5de9d9a4bf2553) Importer(815301076,1909f56bfc062723c751e8b465ee728b)
Start importing Assets/Scenes/HostRoom.unity using Guid(3d2bada377e149447b5de9d9a4bf2553) Importer(815301076,1909f56bfc062723c751e8b465ee728b)  -> (artifact id: '7767bb31af8d311546c0655cb6f65d93') in 0.005783 seconds
  Import took 0.008695 seconds .

========================================================================
Received Prepare
Registering precompiled user dll's ...
Registered in 0.004415 seconds.
Begin MonoManager ReloadAssembly
Native extension for WindowsStandalone target not found
Refreshing native plugins compatible for Editor in 0.52 ms, found 1 plugins.
Preloading 0 native plugins for Editor in 0.00 ms.
Invoked RoslynAnalysisRunner static constructor.
RoslynAnalysisRunner will not be running.
RoslynAnalysisRunner has terminated.
Mono: successfully reloaded assembly
- Completed reload, in  0.865 seconds
Platform modules already initialized, skipping
OnLevelWasLoaded was found on Chat
This message has been deprecated and will be removed in a later version of Unity.
Add a delegate to SceneManager.sceneLoaded instead to get notifications after scene loading has completed

Refreshing native plugins compatible for Editor in 0.57 ms, found 1 plugins.
Preloading 0 native plugins for Editor in 0.00 ms.
Unloading 1978 Unused Serialized files (Serialized files now loaded: 0)
System memory in use before: 93.4 MB.
System memory in use after: 93.4 MB.

Unloading 39 unused Assets to reduce memory usage. Loaded Objects now: 2463.
Total: 1.762400 ms (FindLiveObjects: 0.205500 ms CreateObjectMapping: 0.070900 ms MarkObjects: 1.388500 ms  DeleteObjects: 0.096700 ms)

========================================================================
Received Prepare
Registering precompiled user dll's ...
Registered in 0.004881 seconds.
Begin MonoManager ReloadAssembly
Native extension for WindowsStandalone target not found
Refreshing native plugins compatible for Editor in 0.53 ms, found 1 plugins.
Preloading 0 native plugins for Editor in 0.00 ms.
Invoked RoslynAnalysisRunner static constructor.
RoslynAnalysisRunner will not be running.
RoslynAnalysisRunner has terminated.
Mono: successfully reloaded assembly
- Completed reload, in  0.938 seconds
Platform modules already initialized, skipping
OnLevelWasLoaded was found on Chat
This message has been deprecated and will be removed in a later version of Unity.
Add a delegate to SceneManager.sceneLoaded instead to get notifications after scene loading has completed

Refreshing native plugins compatible for Editor in 0.55 ms, found 1 plugins.
Preloading 0 native plugins for Editor in 0.00 ms.
Unloading 1978 Unused Serialized files (Serialized files now loaded: 0)
System memory in use before: 93.4 MB.
System memory in use after: 93.4 MB.

Unloading 39 unused Assets to reduce memory usage. Loaded Objects now: 2467.
Total: 2.238500 ms (FindLiveObjects: 0.360900 ms CreateObjectMapping: 0.150100 ms MarkObjects: 1.620800 ms  DeleteObjects: 0.105500 ms)

========================================================================
Received Prepare
Refreshing native plugins compatible for Editor in 4.56 ms, found 1 plugins.
Preloading 0 native plugins for Editor in 0.00 ms.
Unloading 37 Unused Serialized files (Serialized files now loaded: 0)
System memory in use before: 55.1 MB.
System memory in use after: 55.1 MB.

Unloading 37 unused Assets to reduce memory usage. Loaded Objects now: 2467.
Total: 1.999600 ms (FindLiveObjects: 0.267800 ms CreateObjectMapping: 0.094500 ms MarkObjects: 1.536200 ms  DeleteObjects: 0.100200 ms)

========================================================================
Received Import Request.
  Time since last request: 383.425592 seconds.
  path: Assets/Blues
  artifactKey: Guid(d481d55302962fa40be9fb42a1d7ca5f) Importer(815301076,1909f56bfc062723c751e8b465ee728b)
Start importing Assets/Blues using Guid(d481d55302962fa40be9fb42a1d7ca5f) Importer(815301076,1909f56bfc062723c751e8b465ee728b)  -> (artifact id: '81ed095e30f9b179a60535887645293c') in 0.006296 seconds
  Import took 0.009509 seconds .

========================================================================
Received Import Request.
  Time since last request: 0.000420 seconds.
  path: Assets/Blues
  artifactKey: Guid(d481d55302962fa40be9fb42a1d7ca5f) Importer(815301076,1909f56bfc062723c751e8b465ee728b)
Start importing Assets/Blues using Guid(d481d55302962fa40be9fb42a1d7ca5f) Importer(815301076,1909f56bfc062723c751e8b465ee728b)  -> (artifact id: '81ed095e30f9b179a60535887645293c') in 0.001330 seconds
  Import took 0.004082 seconds .

========================================================================
Received Prepare
Registering precompiled user dll's ...
Registered in 0.004396 seconds.
Begin MonoManager ReloadAssembly
Native extension for WindowsStandalone target not found
Refreshing native plugins compatible for Editor in 0.55 ms, found 1 plugins.
Preloading 0 native plugins for Editor in 0.00 ms.
Invoked RoslynAnalysisRunner static constructor.
RoslynAnalysisRunner will not be running.
RoslynAnalysisRunner has terminated.
Mono: successfully reloaded assembly
- Completed reload, in  0.946 seconds
Platform modules already initialized, skipping
OnLevelWasLoaded was found on Chat
This message has been deprecated and will be removed in a later version of Unity.
Add a delegate to SceneManager.sceneLoaded instead to get notifications after scene loading has completed

Refreshing native plugins compatible for Editor in 0.56 ms, found 1 plugins.
Preloading 0 native plugins for Editor in 0.00 ms.
Unloading 1978 Unused Serialized files (Serialized files now loaded: 0)
System memory in use before: 93.5 MB.
System memory in use after: 93.4 MB.

Unloading 39 unused Assets to reduce memory usage. Loaded Objects now: 2471.
Total: 2.128500 ms (FindLiveObjects: 0.222800 ms CreateObjectMapping: 0.077400 ms MarkObjects: 1.719600 ms  DeleteObjects: 0.107500 ms)

========================================================================
Received Prepare
Registering precompiled user dll's ...
Registered in 0.004356 seconds.
Begin MonoManager ReloadAssembly
Native extension for WindowsStandalone target not found
Refreshing native plugins compatible for Editor in 0.54 ms, found 1 plugins.
Preloading 0 native plugins for Editor in 0.00 ms.
Invoked RoslynAnalysisRunner static constructor.
RoslynAnalysisRunner will not be running.
RoslynAnalysisRunner has terminated.
Mono: successfully reloaded assembly
- Completed reload, in  0.951 seconds
Platform modules already initialized, skipping
OnLevelWasLoaded was found on Chat
This message has been deprecated and will be removed in a later version of Unity.
Add a delegate to SceneManager.sceneLoaded instead to get notifications after scene loading has completed

Refreshing native plugins compatible for Editor in 0.54 ms, found 1 plugins.
Preloading 0 native plugins for Editor in 0.00 ms.
Unloading 1978 Unused Serialized files (Serialized files now loaded: 0)
System memory in use before: 93.5 MB.
System memory in use after: 93.4 MB.

Unloading 39 unused Assets to reduce memory usage. Loaded Objects now: 2475.
Total: 1.944300 ms (FindLiveObjects: 0.192300 ms CreateObjectMapping: 0.068800 ms MarkObjects: 1.571900 ms  DeleteObjects: 0.110100 ms)

========================================================================
Received Prepare
Registering precompiled user dll's ...
Registered in 0.004334 seconds.
Begin MonoManager ReloadAssembly
Native extension for WindowsStandalone target not found
Refreshing native plugins compatible for Editor in 0.52 ms, found 1 plugins.
Preloading 0 native plugins for Editor in 0.00 ms.
Invoked RoslynAnalysisRunner static constructor.
RoslynAnalysisRunner will not be running.
RoslynAnalysisRunner has terminated.
Mono: successfully reloaded assembly
- Completed reload, in  0.826 seconds
Platform modules already initialized, skipping
OnLevelWasLoaded was found on Chat
This message has been deprecated and will be removed in a later version of Unity.
Add a delegate to SceneManager.sceneLoaded instead to get notifications after scene loading has completed

Refreshing native plugins compatible for Editor in 0.52 ms, found 1 plugins.
Preloading 0 native plugins for Editor in 0.00 ms.
Unloading 1978 Unused Serialized files (Serialized files now loaded: 0)
System memory in use before: 93.5 MB.
System memory in use after: 93.5 MB.

Unloading 39 unused Assets to reduce memory usage. Loaded Objects now: 2479.
Total: 1.825300 ms (FindLiveObjects: 0.204500 ms CreateObjectMapping: 0.075100 ms MarkObjects: 1.448400 ms  DeleteObjects: 0.096500 ms)

========================================================================
Received Prepare
Registering precompiled user dll's ...
Registered in 0.004603 seconds.
Begin MonoManager ReloadAssembly
Native extension for WindowsStandalone target not found
Refreshing native plugins compatible for Editor in 0.55 ms, found 1 plugins.
Preloading 0 native plugins for Editor in 0.00 ms.
Invoked RoslynAnalysisRunner static constructor.
RoslynAnalysisRunner will not be running.
RoslynAnalysisRunner has terminated.
Mono: successfully reloaded assembly
- Completed reload, in  0.941 seconds
Platform modules already initialized, skipping
OnLevelWasLoaded was found on Chat
This message has been deprecated and will be removed in a later version of Unity.
Add a delegate to SceneManager.sceneLoaded instead to get notifications after scene loading has completed

Refreshing native plugins compatible for Editor in 0.56 ms, found 1 plugins.
Preloading 0 native plugins for Editor in 0.00 ms.
Unloading 1978 Unused Serialized files (Serialized files now loaded: 0)
System memory in use before: 93.5 MB.
System memory in use after: 93.5 MB.

Unloading 39 unused Assets to reduce memory usage. Loaded Objects now: 2483.
Total: 2.515600 ms (FindLiveObjects: 0.313200 ms CreateObjectMapping: 0.103000 ms MarkObjects: 1.950500 ms  DeleteObjects: 0.147500 ms)

========================================================================
Received Prepare
Registering precompiled user dll's ...
Registered in 0.004320 seconds.
Begin MonoManager ReloadAssembly
Native extension for WindowsStandalone target not found
Refreshing native plugins compatible for Editor in 0.52 ms, found 1 plugins.
Preloading 0 native plugins for Editor in 0.00 ms.
Invoked RoslynAnalysisRunner static constructor.
RoslynAnalysisRunner will not be running.
RoslynAnalysisRunner has terminated.
Mono: successfully reloaded assembly
- Completed reload, in  0.868 seconds
Platform modules already initialized, skipping
OnLevelWasLoaded was found on Chat
This message has been deprecated and will be removed in a later version of Unity.
Add a delegate to SceneManager.sceneLoaded instead to get notifications after scene loading has completed

Refreshing native plugins compatible for Editor in 0.52 ms, found 1 plugins.
Preloading 0 native plugins for Editor in 0.00 ms.
Unloading 1978 Unused Serialized files (Serialized files now loaded: 0)
System memory in use before: 93.5 MB.
System memory in use after: 93.5 MB.

Unloading 39 unused Assets to reduce memory usage. Loaded Objects now: 2487.
Total: 2.515600 ms (FindLiveObjects: 0.227100 ms CreateObjectMapping: 0.108200 ms MarkObjects: 1.986700 ms  DeleteObjects: 0.192400 ms)

========================================================================
Received Prepare
Registering precompiled user dll's ...
Registered in 0.004640 seconds.
Begin MonoManager ReloadAssembly
Native extension for WindowsStandalone target not found
Refreshing native plugins compatible for Editor in 0.86 ms, found 1 plugins.
Preloading 0 native plugins for Editor in 0.00 ms.
Invoked RoslynAnalysisRunner static constructor.
RoslynAnalysisRunner will not be running.
RoslynAnalysisRunner has terminated.
Mono: successfully reloaded assembly
- Completed reload, in  0.921 seconds
Platform modules already initialized, skipping
OnLevelWasLoaded was found on Chat
This message has been deprecated and will be removed in a later version of Unity.
Add a delegate to SceneManager.sceneLoaded instead to get notifications after scene loading has completed

Refreshing native plugins compatible for Editor in 0.53 ms, found 1 plugins.
Preloading 0 native plugins for Editor in 0.00 ms.
Unloading 1978 Unused Serialized files (Serialized files now loaded: 0)
System memory in use before: 93.5 MB.
System memory in use after: 93.5 MB.

Unloading 39 unused Assets to reduce memory usage. Loaded Objects now: 2491.
Total: 2.027300 ms (FindLiveObjects: 0.217200 ms CreateObjectMapping: 0.082600 ms MarkObjects: 1.607500 ms  DeleteObjects: 0.118900 ms)

========================================================================
Received Prepare
Refreshing native plugins compatible for Editor in 4.59 ms, found 1 plugins.
Preloading 0 native plugins for Editor in 0.00 ms.
Unloading 37 Unused Serialized files (Serialized files now loaded: 0)
System memory in use before: 55.2 MB.
System memory in use after: 55.1 MB.

Unloading 37 unused Assets to reduce memory usage. Loaded Objects now: 2491.
Total: 1.900000 ms (FindLiveObjects: 0.235900 ms CreateObjectMapping: 0.088100 ms MarkObjects: 1.470100 ms  DeleteObjects: 0.104400 ms)

========================================================================
Received Prepare
Refreshing native plugins compatible for Editor in 4.84 ms, found 1 plugins.
Preloading 0 native plugins for Editor in 0.00 ms.
Unloading 37 Unused Serialized files (Serialized files now loaded: 0)
System memory in use before: 55.2 MB.
System memory in use after: 55.1 MB.

Unloading 37 unused Assets to reduce memory usage. Loaded Objects now: 2491.
Total: 1.994100 ms (FindLiveObjects: 0.184800 ms CreateObjectMapping: 0.060500 ms MarkObjects: 1.650400 ms  DeleteObjects: 0.097000 ms)

AssetImportWorkerClient::OnTransportError - code=2 error=End of file
